2025-03-17 15:27:35,912 - __main__ - INFO - Запуск корректировки данных для work.ua и pumb.ua
2025-03-17 15:27:36,118 - data_manager - INFO - Загружены данные о трафике из файла traffic_data.xlsx
2025-03-17 15:27:36,119 - __main__ - INFO - Домен work.ua: исправлено значение трафика с 1 на 3,900,000
2025-03-17 15:27:36,119 - __main__ - INFO - Домен pumb.ua: исправлено значение трафика с 295 на 305,000
2025-03-17 15:27:36,136 - data_manager - INFO - Данные о трафике сохранены в файл traffic_data.xlsx
2025-03-17 15:27:36,136 - __main__ - INFO - Корректировка данных завершена. Следующие обновления будут получены через API Ahrefs
2025-03-17 16:28:07,482 - __main__ - INFO - Запуск корректировки данных для work.ua и pumb.ua
2025-03-17 16:28:07,675 - data_manager - ERROR - Ошибка при загрузке данных о трафике: 'history'
2025-03-17 16:28:07,675 - __main__ - ERROR - Не удалось загрузить данные из базы
2025-03-17 16:29:58,861 - __main__ - INFO - Запуск корректировки данных для work.ua и pumb.ua
2025-03-17 16:29:59,057 - data_manager - ERROR - Ошибка при загрузке данных о трафике: invalid literal for int() with base 10: '2025-03-17 15:08:34'
2025-03-17 16:29:59,058 - __main__ - ERROR - Не удалось загрузить данные из базы
2025-03-17 16:30:41,539 - __main__ - INFO - Запуск корректировки данных для work.ua и pumb.ua
2025-03-17 16:30:41,732 - data_manager - ERROR - Ошибка при загрузке данных о трафике: could not convert string to float: '2025-03-17 15:08:34'
2025-03-17 16:30:41,733 - __main__ - ERROR - Не удалось загрузить данные из базы
2025-03-17 16:33:39,708 - __main__ - INFO - Запуск корректировки данных для work.ua и pumb.ua
2025-03-17 16:33:39,911 - data_manager - INFO - Загружены данные о трафике из файла traffic_data.xlsx
2025-03-17 16:33:39,911 - __main__ - INFO - Домен work.ua: исправлено значение трафика с 3,900,000 на 3,900,000
2025-03-17 16:33:39,911 - __main__ - INFO - Домен pumb.ua: исправлено значение трафика с 305,000 на 305,000
2025-03-17 16:33:39,934 - data_manager - INFO - Данные о трафике сохранены в файл traffic_data.xlsx
2025-03-17 16:33:39,935 - __main__ - INFO - Корректировка данных завершена. Следующие обновления будут получены через API Ahrefs
